c:\users\rudolf-dumitru\documents\cocos\cocosprojects\administratorteritorial\proj.win32\debug.win32\administratorteritorial.lib
c:\users\rudolf-dumitru\documents\cocos\cocosprojects\administratorteritorial\proj.win32\debug.win32\administratorteritorial.exp
c:\users\rudolf-dumitru\documents\cocos\cocosprojects\administratorteritorial\proj.win32\debug.win32\helloworldscene.obj
c:\users\rudolf-dumitru\documents\cocos\cocosprojects\administratorteritorial\proj.win32\debug.win32\main.obj
c:\users\rudolf-dumitru\documents\cocos\cocosprojects\administratorteritorial\proj.win32\debug.win32\appdelegate.obj
c:\users\rudolf-dumitru\documents\cocos\cocosprojects\administratorteritorial\proj.win32\debug.win32\vc120.pdb
c:\users\rudolf-dumitru\documents\cocos\cocosprojects\administratorteritorial\proj.win32\debug.win32\administratorteritorial.ilk
c:\users\rudolf-dumitru\documents\cocos\cocosprojects\administratorteritorial\proj.win32\debug.win32\administratorteritorial.exe
c:\users\rudolf-dumitru\documents\cocos\cocosprojects\administratorteritorial\proj.win32\debug.win32\administratorteritorial.pdb
c:\users\rudolf-dumitru\documents\cocos\cocosprojects\administratorteritorial\proj.win32\debug.win32\game.res
d:\googledrive\proiecte\administratorteritorial\proj.win32\debug.win32\appdelegate.obj
d:\googledrive\proiecte\administratorteritorial\proj.win32\debug.win32\helloworldscene.obj
d:\googledrive\proiecte\administratorteritorial\proj.win32\debug.win32\main.obj
d:\googledrive\proiecte\administratorteritorial\proj.win32\debug.win32\administratorteritorial.ilk
d:\googledrive\proiecte\administratorteritorial\proj.win32\debug.win32\game.res
d:\googledrive\proiecte\administratorteritorial\proj.win32\debug.win32\administratorteritorial.exp
d:\googledrive\proiecte\administratorteritorial\proj.win32\debug.win32\libcocos2d.exp
d:\googledrive\proiecte\administratorteritorial\proj.win32\debug.win32\vc120.idb
d:\googledrive\proiecte\administratorteritorial\proj.win32\debug.win32\administratorteritorial.pdb
d:\googledrive\proiecte\administratorteritorial\proj.win32\debug.win32\libcocos2d.pdb
d:\googledrive\proiecte\administratorteritorial\proj.win32\debug.win32\vc120.pdb
d:\googledrive\proiecte\administratorteritorial\proj.win32\debug.win32\administratorteritorial.exe
d:\googledrive\proiecte\administratorteritorial\proj.win32\debug.win32\administ.76a39bb2.tlog\administratorteritorial.write.1u.tlog
d:\googledrive\proiecte\administratorteritorial\proj.win32\debug.win32\administ.76a39bb2.tlog\cl.command.1.tlog
d:\googledrive\proiecte\administratorteritorial\proj.win32\debug.win32\administ.76a39bb2.tlog\cl.read.1.tlog
d:\googledrive\proiecte\administratorteritorial\proj.win32\debug.win32\administ.76a39bb2.tlog\cl.write.1.tlog
d:\googledrive\proiecte\administratorteritorial\proj.win32\debug.win32\administ.76a39bb2.tlog\link.command.1.tlog
d:\googledrive\proiecte\administratorteritorial\proj.win32\debug.win32\administ.76a39bb2.tlog\link.read.1.tlog
d:\googledrive\proiecte\administratorteritorial\proj.win32\debug.win32\administ.76a39bb2.tlog\link.write.1.tlog
d:\googledrive\proiecte\administratorteritorial\proj.win32\debug.win32\administ.76a39bb2.tlog\rc.command.1.tlog
d:\googledrive\proiecte\administratorteritorial\proj.win32\debug.win32\administ.76a39bb2.tlog\rc.read.1.tlog
d:\googledrive\proiecte\administratorteritorial\proj.win32\debug.win32\administ.76a39bb2.tlog\rc.write.1.tlog
