c:\users\rudolf-dumitru\documents\cocos\cocosprojects\administratorteritorial\cocos2d\cocos\editor-support\spine\proj.win32\debug.win32\attachment.obj
c:\users\rudolf-dumitru\documents\cocos\cocosprojects\administratorteritorial\cocos2d\cocos\editor-support\spine\proj.win32\debug.win32\boundingboxattachment.obj
c:\users\rudolf-dumitru\documents\cocos\cocosprojects\administratorteritorial\cocos2d\cocos\editor-support\spine\proj.win32\debug.win32\skeletonbounds.obj
c:\users\rudolf-dumitru\documents\cocos\cocosprojects\administratorteritorial\cocos2d\cocos\editor-support\spine\proj.win32\debug.win32\animationstatedata.obj
c:\users\rudolf-dumitru\documents\cocos\cocosprojects\administratorteritorial\cocos2d\cocos\editor-support\spine\proj.win32\debug.win32\extension.obj
c:\users\rudolf-dumitru\documents\cocos\cocosprojects\administratorteritorial\cocos2d\cocos\editor-support\spine\proj.win32\debug.win32\regionattachment.obj
c:\users\rudolf-dumitru\documents\cocos\cocosprojects\administratorteritorial\cocos2d\cocos\editor-support\spine\proj.win32\debug.win32\slot.obj
c:\users\rudolf-dumitru\documents\cocos\cocosprojects\administratorteritorial\cocos2d\cocos\editor-support\spine\proj.win32\debug.win32\animationstate.obj
c:\users\rudolf-dumitru\documents\cocos\cocosprojects\administratorteritorial\cocos2d\cocos\editor-support\spine\proj.win32\debug.win32\ikconstraint.obj
c:\users\rudolf-dumitru\documents\cocos\cocosprojects\administratorteritorial\cocos2d\cocos\editor-support\spine\proj.win32\debug.win32\skin.obj
c:\users\rudolf-dumitru\documents\cocos\cocosprojects\administratorteritorial\cocos2d\cocos\editor-support\spine\proj.win32\debug.win32\attachmentloader.obj
c:\users\rudolf-dumitru\documents\cocos\cocosprojects\administratorteritorial\cocos2d\cocos\editor-support\spine\proj.win32\debug.win32\bonedata.obj
c:\users\rudolf-dumitru\documents\cocos\cocosprojects\administratorteritorial\cocos2d\cocos\editor-support\spine\proj.win32\debug.win32\skeleton.obj
c:\users\rudolf-dumitru\documents\cocos\cocosprojects\administratorteritorial\cocos2d\cocos\editor-support\spine\proj.win32\debug.win32\atlas.obj
c:\users\rudolf-dumitru\documents\cocos\cocosprojects\administratorteritorial\cocos2d\cocos\editor-support\spine\proj.win32\debug.win32\ikconstraintdata.obj
c:\users\rudolf-dumitru\documents\cocos\cocosprojects\administratorteritorial\cocos2d\cocos\editor-support\spine\proj.win32\debug.win32\skeletonjson.obj
c:\users\rudolf-dumitru\documents\cocos\cocosprojects\administratorteritorial\cocos2d\cocos\editor-support\spine\proj.win32\debug.win32\animation.obj
c:\users\rudolf-dumitru\documents\cocos\cocosprojects\administratorteritorial\cocos2d\cocos\editor-support\spine\proj.win32\debug.win32\json.obj
c:\users\rudolf-dumitru\documents\cocos\cocosprojects\administratorteritorial\cocos2d\cocos\editor-support\spine\proj.win32\debug.win32\skinnedmeshattachment.obj
c:\users\rudolf-dumitru\documents\cocos\cocosprojects\administratorteritorial\cocos2d\cocos\editor-support\spine\proj.win32\debug.win32\bone.obj
c:\users\rudolf-dumitru\documents\cocos\cocosprojects\administratorteritorial\cocos2d\cocos\editor-support\spine\proj.win32\debug.win32\eventdata.obj
c:\users\rudolf-dumitru\documents\cocos\cocosprojects\administratorteritorial\cocos2d\cocos\editor-support\spine\proj.win32\debug.win32\skeletondata.obj
c:\users\rudolf-dumitru\documents\cocos\cocosprojects\administratorteritorial\cocos2d\cocos\editor-support\spine\proj.win32\debug.win32\atlasattachmentloader.obj
c:\users\rudolf-dumitru\documents\cocos\cocosprojects\administratorteritorial\cocos2d\cocos\editor-support\spine\proj.win32\debug.win32\event.obj
c:\users\rudolf-dumitru\documents\cocos\cocosprojects\administratorteritorial\cocos2d\cocos\editor-support\spine\proj.win32\debug.win32\meshattachment.obj
c:\users\rudolf-dumitru\documents\cocos\cocosprojects\administratorteritorial\cocos2d\cocos\editor-support\spine\proj.win32\debug.win32\slotdata.obj
c:\users\rudolf-dumitru\documents\cocos\cocosprojects\administratorteritorial\cocos2d\cocos\editor-support\spine\proj.win32\debug.win32\vc120.pdb
c:\users\rudolf-dumitru\documents\cocos\cocosprojects\administratorteritorial\cocos2d\cocos\editor-support\spine\proj.win32\debug.win32\skeletonanimation.obj
c:\users\rudolf-dumitru\documents\cocos\cocosprojects\administratorteritorial\cocos2d\cocos\editor-support\spine\proj.win32\debug.win32\skeletonrenderer.obj
c:\users\rudolf-dumitru\documents\cocos\cocosprojects\administratorteritorial\cocos2d\cocos\editor-support\spine\proj.win32\debug.win32\spine-cocos2dx.obj
c:\users\rudolf-dumitru\documents\cocos\cocosprojects\administratorteritorial\cocos2d\cocos\editor-support\spine\proj.win32\debug.win32\polygonbatch.obj
d:\googledrive\proiecte\administratorteritorial\cocos2d\cocos\editor-support\spine\proj.win32\debug.win32\bone.obj
d:\googledrive\proiecte\administratorteritorial\cocos2d\cocos\editor-support\spine\proj.win32\debug.win32\boundingboxattachment.obj
d:\googledrive\proiecte\administratorteritorial\cocos2d\cocos\editor-support\spine\proj.win32\debug.win32\skinnedmeshattachment.obj
d:\googledrive\proiecte\administratorteritorial\cocos2d\cocos\editor-support\spine\proj.win32\debug.win32\animation.obj
d:\googledrive\proiecte\administratorteritorial\cocos2d\cocos\editor-support\spine\proj.win32\debug.win32\ikconstraintdata.obj
d:\googledrive\proiecte\administratorteritorial\cocos2d\cocos\editor-support\spine\proj.win32\debug.win32\skeleton.obj
d:\googledrive\proiecte\administratorteritorial\cocos2d\cocos\editor-support\spine\proj.win32\debug.win32\atlas.obj
d:\googledrive\proiecte\administratorteritorial\cocos2d\cocos\editor-support\spine\proj.win32\debug.win32\ikconstraint.obj
d:\googledrive\proiecte\administratorteritorial\cocos2d\cocos\editor-support\spine\proj.win32\debug.win32\skeletonjson.obj
d:\googledrive\proiecte\administratorteritorial\cocos2d\cocos\editor-support\spine\proj.win32\debug.win32\animationstatedata.obj
d:\googledrive\proiecte\administratorteritorial\cocos2d\cocos\editor-support\spine\proj.win32\debug.win32\json.obj
d:\googledrive\proiecte\administratorteritorial\cocos2d\cocos\editor-support\spine\proj.win32\debug.win32\skin.obj
d:\googledrive\proiecte\administratorteritorial\cocos2d\cocos\editor-support\spine\proj.win32\debug.win32\attachmentloader.obj
d:\googledrive\proiecte\administratorteritorial\cocos2d\cocos\editor-support\spine\proj.win32\debug.win32\extension.obj
d:\googledrive\proiecte\administratorteritorial\cocos2d\cocos\editor-support\spine\proj.win32\debug.win32\skeletondata.obj
d:\googledrive\proiecte\administratorteritorial\cocos2d\cocos\editor-support\spine\proj.win32\debug.win32\slotdata.obj
d:\googledrive\proiecte\administratorteritorial\cocos2d\cocos\editor-support\spine\proj.win32\debug.win32\animationstate.obj
d:\googledrive\proiecte\administratorteritorial\cocos2d\cocos\editor-support\spine\proj.win32\debug.win32\bonedata.obj
d:\googledrive\proiecte\administratorteritorial\cocos2d\cocos\editor-support\spine\proj.win32\debug.win32\meshattachment.obj
d:\googledrive\proiecte\administratorteritorial\cocos2d\cocos\editor-support\spine\proj.win32\debug.win32\attachment.obj
d:\googledrive\proiecte\administratorteritorial\cocos2d\cocos\editor-support\spine\proj.win32\debug.win32\event.obj
d:\googledrive\proiecte\administratorteritorial\cocos2d\cocos\editor-support\spine\proj.win32\debug.win32\skeletonbounds.obj
d:\googledrive\proiecte\administratorteritorial\cocos2d\cocos\editor-support\spine\proj.win32\debug.win32\atlasattachmentloader.obj
d:\googledrive\proiecte\administratorteritorial\cocos2d\cocos\editor-support\spine\proj.win32\debug.win32\eventdata.obj
d:\googledrive\proiecte\administratorteritorial\cocos2d\cocos\editor-support\spine\proj.win32\debug.win32\regionattachment.obj
d:\googledrive\proiecte\administratorteritorial\cocos2d\cocos\editor-support\spine\proj.win32\debug.win32\slot.obj
d:\googledrive\proiecte\administratorteritorial\cocos2d\cocos\editor-support\spine\proj.win32\debug.win32\vc120.pdb
c:\users\rudolf-dumitru\documents\cocos\cocosprojects\administratorteritorial\proj.win32\debug.win32\libspine.lib
d:\googledrive\proiecte\administratorteritorial\cocos2d\cocos\editor-support\spine\proj.win32\debug.win32\vc120.idb
d:\googledrive\proiecte\administratorteritorial\proj.win32\debug.win32\libspine.lib
d:\googledrive\proiecte\administratorteritorial\cocos2d\cocos\editor-support\spine\proj.win32\debug.win32\libspine.tlog\cl.command.1.tlog
d:\googledrive\proiecte\administratorteritorial\cocos2d\cocos\editor-support\spine\proj.win32\debug.win32\libspine.tlog\cl.read.1.tlog
d:\googledrive\proiecte\administratorteritorial\cocos2d\cocos\editor-support\spine\proj.win32\debug.win32\libspine.tlog\cl.write.1.tlog
d:\googledrive\proiecte\administratorteritorial\cocos2d\cocos\editor-support\spine\proj.win32\debug.win32\libspine.tlog\lib-link.read.1.tlog
d:\googledrive\proiecte\administratorteritorial\cocos2d\cocos\editor-support\spine\proj.win32\debug.win32\libspine.tlog\lib-link.write.1.tlog
d:\googledrive\proiecte\administratorteritorial\cocos2d\cocos\editor-support\spine\proj.win32\debug.win32\libspine.tlog\lib.command.1.tlog
